  Crops.cpp
  CropsManager.cpp
  GrowthState.cpp
  main.cpp
  ofApp.cpp
  AnimatedObject.cpp
  GameObject.cpp
  Physics.cpp
  Player.cpp
  Render.cpp
  Scene.cpp
c1xx : fatal error C1083: Cannot open source file: 'src\Crops.cpp': No such file or directory
  Shop.cpp
  TimeCycle.cpp
  Info: Boost.Config is older than your compiler version - probably nothing bad will happen - but you may wish to look for an update Boost version.  Define BOOST_CONFIG_SUPPRESS_OUTDATED_MESSAGE to suppress this message.
  Info: Boost.Config is older than your compiler version - probably nothing bad will happen - but you may wish to look for an update Boost version.  Define BOOST_CONFIG_SUPPRESS_OUTDATED_MESSAGE to suppress this message.
  Info: Boost.Config is older than your compiler version - probably nothing bad will happen - but you may wish to look for an update Boost version.  Define BOOST_CONFIG_SUPPRESS_OUTDATED_MESSAGE to suppress this message.
  Info: Boost.Config is older than your compiler version - probably nothing bad will happen - but you may wish to look for an update Boost version.  Define BOOST_CONFIG_SUPPRESS_OUTDATED_MESSAGE to suppress this message.
  Info: Boost.Config is older than your compiler version - probably nothing bad will happen - but you may wish to look for an update Boost version.  Define BOOST_CONFIG_SUPPRESS_OUTDATED_MESSAGE to suppress this message.
  Info: Boost.Config is older than your compiler version - probably nothing bad will happen - but you may wish to look for an update Boost version.  Define BOOST_CONFIG_SUPPRESS_OUTDATED_MESSAGE to suppress this message.
  Info: Boost.Config is older than your compiler version - probably nothing bad will happen - but you may wish to look for an update Boost version.  Define BOOST_CONFIG_SUPPRESS_OUTDATED_MESSAGE to suppress this message.
  Info: Boost.Config is older than your compiler version - probably nothing bad will happen - but you may wish to look for an update Boost version.  Define BOOST_CONFIG_SUPPRESS_OUTDATED_MESSAGE to suppress this message.
  Info: Boost.Config is older than your compiler version - probably nothing bad will happen - but you may wish to look for an update Boost version.  Define BOOST_CONFIG_SUPPRESS_OUTDATED_MESSAGE to suppress this message.
  Info: Boost.Config is older than your compiler version - probably nothing bad will happen - but you may wish to look for an update Boost version.  Define BOOST_CONFIG_SUPPRESS_OUTDATED_MESSAGE to suppress this message.
  Info: Boost.Config is older than your compiler version - probably nothing bad will happen - but you may wish to look for an update Boost version.  Define BOOST_CONFIG_SUPPRESS_OUTDATED_MESSAGE to suppress this message.
  Info: Boost.Config is older than your compiler version - probably nothing bad will happen - but you may wish to look for an update Boost version.  Define BOOST_CONFIG_SUPPRESS_OUTDATED_MESSAGE to suppress this message.
c:\users\joshm\desktop\year 3\semester 1\zopenframeworks stuff\of_v0.11.2_vs2017_release\of_v0.11.2_vs2017_release\libs\openframeworks\math\ofmatrix4x4.h(326): warning C4267: 'argument': conversion from 'size_t' to 'int', possible loss of data (compiling source file src\CropsManager.cpp)
c:\users\joshm\desktop\year 3\semester 1\zopenframeworks stuff\of_v0.11.2_vs2017_release\of_v0.11.2_vs2017_release\libs\openframeworks\math\ofmatrix4x4.h(331): warning C4267: 'argument': conversion from 'size_t' to 'int', possible loss of data (compiling source file src\CropsManager.cpp)
c:\users\joshm\desktop\year 3\semester 1\zopenframeworks stuff\of_v0.11.2_vs2017_release\of_v0.11.2_vs2017_release\libs\openframeworks\math\ofmatrix4x4.h(912): warning C4267: 'argument': conversion from 'size_t' to 'int', possible loss of data (compiling source file src\CropsManager.cpp)
c:\users\joshm\desktop\year 3\semester 1\zopenframeworks stuff\of_v0.11.2_vs2017_release\of_v0.11.2_vs2017_release\libs\openframeworks\math\ofmatrix4x4.h(913): warning C4267: 'argument': conversion from 'size_t' to 'int', possible loss of data (compiling source file src\CropsManager.cpp)
c:\users\joshm\desktop\year 3\semester 1\zopenframeworks stuff\of_v0.11.2_vs2017_release\of_v0.11.2_vs2017_release\libs\openframeworks\math\ofmatrix4x4.h(914): warning C4267: 'argument': conversion from 'size_t' to 'int', possible loss of data (compiling source file src\CropsManager.cpp)
c:\users\joshm\desktop\year 3\semester 1\zopenframeworks stuff\of_v0.11.2_vs2017_release\of_v0.11.2_vs2017_release\libs\openframeworks\math\ofmatrix4x4.h(915): warning C4267: 'argument': conversion from 'size_t' to 'int', possible loss of data (compiling source file src\CropsManager.cpp)
c:\users\joshm\desktop\year 3\semester 1\zopenframeworks stuff\of_v0.11.2_vs2017_release\of_v0.11.2_vs2017_release\libs\openframeworks\math\ofmatrix4x4.h(326): warning C4267: 'argument': conversion from 'size_t' to 'int', possible loss of data (compiling source file src\main.cpp)
c:\users\joshm\desktop\year 3\semester 1\zopenframeworks stuff\of_v0.11.2_vs2017_release\of_v0.11.2_vs2017_release\libs\openframeworks\math\ofmatrix4x4.h(331): warning C4267: 'argument': conversion from 'size_t' to 'int', possible loss of data (compiling source file src\main.cpp)
c:\users\joshm\desktop\year 3\semester 1\zopenframeworks stuff\of_v0.11.2_vs2017_release\of_v0.11.2_vs2017_release\libs\openframeworks\math\ofmatrix4x4.h(912): warning C4267: 'argument': conversion from 'size_t' to 'int', possible loss of data (compiling source file src\main.cpp)
c:\users\joshm\desktop\year 3\semester 1\zopenframeworks stuff\of_v0.11.2_vs2017_release\of_v0.11.2_vs2017_release\libs\openframeworks\math\ofmatrix4x4.h(913): warning C4267: 'argument': conversion from 'size_t' to 'int', possible loss of data (compiling source file src\main.cpp)
c:\users\joshm\desktop\year 3\semester 1\zopenframeworks stuff\of_v0.11.2_vs2017_release\of_v0.11.2_vs2017_release\libs\openframeworks\math\ofmatrix4x4.h(914): warning C4267: 'argument': conversion from 'size_t' to 'int', possible loss of data (compiling source file src\main.cpp)
c:\users\joshm\desktop\year 3\semester 1\zopenframeworks stuff\of_v0.11.2_vs2017_release\of_v0.11.2_vs2017_release\libs\openframeworks\math\ofmatrix4x4.h(915): warning C4267: 'argument': conversion from 'size_t' to 'int', possible loss of data (compiling source file src\main.cpp)
c:\users\joshm\desktop\year 3\semester 1\zopenframeworks stuff\of_v0.11.2_vs2017_release\of_v0.11.2_vs2017_release\libs\openframeworks\math\ofmatrix4x4.h(326): warning C4267: 'argument': conversion from 'size_t' to 'int', possible loss of data (compiling source file src\ofApp.cpp)
c:\users\joshm\desktop\year 3\semester 1\zopenframeworks stuff\of_v0.11.2_vs2017_release\of_v0.11.2_vs2017_release\libs\openframeworks\math\ofmatrix4x4.h(331): warning C4267: 'argument': conversion from 'size_t' to 'int', possible loss of data (compiling source file src\ofApp.cpp)
c:\users\joshm\desktop\year 3\semester 1\zopenframeworks stuff\of_v0.11.2_vs2017_release\of_v0.11.2_vs2017_release\libs\openframeworks\math\ofmatrix4x4.h(326): warning C4267: 'argument': conversion from 'size_t' to 'int', possible loss of data (compiling source file src\GrowthState.cpp)
c:\users\joshm\desktop\year 3\semester 1\zopenframeworks stuff\of_v0.11.2_vs2017_release\of_v0.11.2_vs2017_release\libs\openframeworks\math\ofmatrix4x4.h(331): warning C4267: 'argument': conversion from 'size_t' to 'int', possible loss of data (compiling source file src\GrowthState.cpp)
c:\users\joshm\desktop\year 3\semester 1\zopenframeworks stuff\of_v0.11.2_vs2017_release\of_v0.11.2_vs2017_release\libs\openframeworks\math\ofmatrix4x4.h(912): warning C4267: 'argument': conversion from 'size_t' to 'int', possible loss of data (compiling source file src\ofApp.cpp)
c:\users\joshm\desktop\year 3\semester 1\zopenframeworks stuff\of_v0.11.2_vs2017_release\of_v0.11.2_vs2017_release\libs\openframeworks\math\ofmatrix4x4.h(912): warning C4267: 'argument': conversion from 'size_t' to 'int', possible loss of data (compiling source file src\GrowthState.cpp)
c:\users\joshm\desktop\year 3\semester 1\zopenframeworks stuff\of_v0.11.2_vs2017_release\of_v0.11.2_vs2017_release\libs\openframeworks\math\ofmatrix4x4.h(913): warning C4267: 'argument': conversion from 'size_t' to 'int', possible loss of data (compiling source file src\ofApp.cpp)
c:\users\joshm\desktop\year 3\semester 1\zopenframeworks stuff\of_v0.11.2_vs2017_release\of_v0.11.2_vs2017_release\libs\openframeworks\math\ofmatrix4x4.h(913): warning C4267: 'argument': conversion from 'size_t' to 'int', possible loss of data (compiling source file src\GrowthState.cpp)
c:\users\joshm\desktop\year 3\semester 1\zopenframeworks stuff\of_v0.11.2_vs2017_release\of_v0.11.2_vs2017_release\libs\openframeworks\math\ofmatrix4x4.h(914): warning C4267: 'argument': conversion from 'size_t' to 'int', possible loss of data (compiling source file src\ofApp.cpp)
c:\users\joshm\desktop\year 3\semester 1\zopenframeworks stuff\of_v0.11.2_vs2017_release\of_v0.11.2_vs2017_release\libs\openframeworks\math\ofmatrix4x4.h(914): warning C4267: 'argument': conversion from 'size_t' to 'int', possible loss of data (compiling source file src\GrowthState.cpp)
c:\users\joshm\desktop\year 3\semester 1\zopenframeworks stuff\of_v0.11.2_vs2017_release\of_v0.11.2_vs2017_release\libs\openframeworks\math\ofmatrix4x4.h(915): warning C4267: 'argument': conversion from 'size_t' to 'int', possible loss of data (compiling source file src\ofApp.cpp)
c:\users\joshm\desktop\year 3\semester 1\zopenframeworks stuff\of_v0.11.2_vs2017_release\of_v0.11.2_vs2017_release\libs\openframeworks\math\ofmatrix4x4.h(915): warning C4267: 'argument': conversion from 'size_t' to 'int', possible loss of data (compiling source file src\GrowthState.cpp)
c:\users\joshm\desktop\year 3\semester 1\zopenframeworks stuff\of_v0.11.2_vs2017_release\of_v0.11.2_vs2017_release\libs\openframeworks\math\ofmatrix4x4.h(326): warning C4267: 'argument': conversion from 'size_t' to 'int', possible loss of data (compiling source file src\AnimatedObject.cpp)
c:\users\joshm\desktop\year 3\semester 1\zopenframeworks stuff\of_v0.11.2_vs2017_release\of_v0.11.2_vs2017_release\libs\openframeworks\math\ofmatrix4x4.h(331): warning C4267: 'argument': conversion from 'size_t' to 'int', possible loss of data (compiling source file src\AnimatedObject.cpp)
c:\users\joshm\desktop\year 3\semester 1\zopenframeworks stuff\of_v0.11.2_vs2017_release\of_v0.11.2_vs2017_release\libs\openframeworks\math\ofmatrix4x4.h(912): warning C4267: 'argument': conversion from 'size_t' to 'int', possible loss of data (compiling source file src\AnimatedObject.cpp)
c:\users\joshm\desktop\year 3\semester 1\zopenframeworks stuff\of_v0.11.2_vs2017_release\of_v0.11.2_vs2017_release\libs\openframeworks\math\ofmatrix4x4.h(913): warning C4267: 'argument': conversion from 'size_t' to 'int', possible loss of data (compiling source file src\AnimatedObject.cpp)
c:\users\joshm\desktop\year 3\semester 1\zopenframeworks stuff\of_v0.11.2_vs2017_release\of_v0.11.2_vs2017_release\libs\openframeworks\math\ofmatrix4x4.h(914): warning C4267: 'argument': conversion from 'size_t' to 'int', possible loss of data (compiling source file src\AnimatedObject.cpp)
c:\users\joshm\desktop\year 3\semester 1\zopenframeworks stuff\of_v0.11.2_vs2017_release\of_v0.11.2_vs2017_release\libs\openframeworks\math\ofmatrix4x4.h(915): warning C4267: 'argument': conversion from 'size_t' to 'int', possible loss of data (compiling source file src\AnimatedObject.cpp)
c:\users\joshm\desktop\year 3\semester 1\zopenframeworks stuff\of_v0.11.2_vs2017_release\of_v0.11.2_vs2017_release\libs\openframeworks\math\ofmatrix4x4.h(326): warning C4267: 'argument': conversion from 'size_t' to 'int', possible loss of data (compiling source file src\GameObject.cpp)
c:\users\joshm\desktop\year 3\semester 1\zopenframeworks stuff\of_v0.11.2_vs2017_release\of_v0.11.2_vs2017_release\libs\openframeworks\math\ofmatrix4x4.h(331): warning C4267: 'argument': conversion from 'size_t' to 'int', possible loss of data (compiling source file src\GameObject.cpp)
c:\users\joshm\desktop\year 3\semester 1\zopenframeworks stuff\of_v0.11.2_vs2017_release\of_v0.11.2_vs2017_release\libs\openframeworks\math\ofmatrix4x4.h(912): warning C4267: 'argument': conversion from 'size_t' to 'int', possible loss of data (compiling source file src\GameObject.cpp)
c:\users\joshm\desktop\year 3\semester 1\zopenframeworks stuff\of_v0.11.2_vs2017_release\of_v0.11.2_vs2017_release\libs\openframeworks\math\ofmatrix4x4.h(913): warning C4267: 'argument': conversion from 'size_t' to 'int', possible loss of data (compiling source file src\GameObject.cpp)
c:\users\joshm\desktop\year 3\semester 1\zopenframeworks stuff\of_v0.11.2_vs2017_release\of_v0.11.2_vs2017_release\libs\openframeworks\math\ofmatrix4x4.h(914): warning C4267: 'argument': conversion from 'size_t' to 'int', possible loss of data (compiling source file src\GameObject.cpp)
c:\users\joshm\desktop\year 3\semester 1\zopenframeworks stuff\of_v0.11.2_vs2017_release\of_v0.11.2_vs2017_release\libs\openframeworks\math\ofmatrix4x4.h(915): warning C4267: 'argument': conversion from 'size_t' to 'int', possible loss of data (compiling source file src\GameObject.cpp)
c:\users\joshm\desktop\year 3\semester 1\zopenframeworks stuff\of_v0.11.2_vs2017_release\of_v0.11.2_vs2017_release\libs\openframeworks\math\ofmatrix4x4.h(326): warning C4267: 'argument': conversion from 'size_t' to 'int', possible loss of data (compiling source file src\Player.cpp)
c:\users\joshm\desktop\year 3\semester 1\zopenframeworks stuff\of_v0.11.2_vs2017_release\of_v0.11.2_vs2017_release\libs\openframeworks\math\ofmatrix4x4.h(331): warning C4267: 'argument': conversion from 'size_t' to 'int', possible loss of data (compiling source file src\Player.cpp)
c:\users\joshm\desktop\year 3\semester 1\zopenframeworks stuff\of_v0.11.2_vs2017_release\of_v0.11.2_vs2017_release\libs\openframeworks\math\ofmatrix4x4.h(912): warning C4267: 'argument': conversion from 'size_t' to 'int', possible loss of data (compiling source file src\Player.cpp)
c:\users\joshm\desktop\year 3\semester 1\zopenframeworks stuff\of_v0.11.2_vs2017_release\of_v0.11.2_vs2017_release\libs\openframeworks\math\ofmatrix4x4.h(913): warning C4267: 'argument': conversion from 'size_t' to 'int', possible loss of data (compiling source file src\Player.cpp)
c:\users\joshm\desktop\year 3\semester 1\zopenframeworks stuff\of_v0.11.2_vs2017_release\of_v0.11.2_vs2017_release\libs\openframeworks\math\ofmatrix4x4.h(914): warning C4267: 'argument': conversion from 'size_t' to 'int', possible loss of data (compiling source file src\Player.cpp)
c:\users\joshm\desktop\year 3\semester 1\zopenframeworks stuff\of_v0.11.2_vs2017_release\of_v0.11.2_vs2017_release\libs\openframeworks\math\ofmatrix4x4.h(915): warning C4267: 'argument': conversion from 'size_t' to 'int', possible loss of data (compiling source file src\Player.cpp)
c:\users\joshm\desktop\year 3\semester 1\zopenframeworks stuff\of_v0.11.2_vs2017_release\of_v0.11.2_vs2017_release\libs\openframeworks\math\ofmatrix4x4.h(326): warning C4267: 'argument': conversion from 'size_t' to 'int', possible loss of data (compiling source file src\Render.cpp)
c:\users\joshm\desktop\year 3\semester 1\zopenframeworks stuff\of_v0.11.2_vs2017_release\of_v0.11.2_vs2017_release\libs\openframeworks\math\ofmatrix4x4.h(331): warning C4267: 'argument': conversion from 'size_t' to 'int', possible loss of data (compiling source file src\Render.cpp)
c:\users\joshm\desktop\year 3\semester 1\zopenframeworks stuff\of_v0.11.2_vs2017_release\of_v0.11.2_vs2017_release\libs\openframeworks\math\ofmatrix4x4.h(912): warning C4267: 'argument': conversion from 'size_t' to 'int', possible loss of data (compiling source file src\Render.cpp)
c:\users\joshm\desktop\year 3\semester 1\zopenframeworks stuff\of_v0.11.2_vs2017_release\of_v0.11.2_vs2017_release\libs\openframeworks\math\ofmatrix4x4.h(913): warning C4267: 'argument': conversion from 'size_t' to 'int', possible loss of data (compiling source file src\Render.cpp)
c:\users\joshm\desktop\year 3\semester 1\zopenframeworks stuff\of_v0.11.2_vs2017_release\of_v0.11.2_vs2017_release\libs\openframeworks\math\ofmatrix4x4.h(326): warning C4267: 'argument': conversion from 'size_t' to 'int', possible loss of data (compiling source file src\Shop.cpp)
c:\users\joshm\desktop\year 3\semester 1\zopenframeworks stuff\of_v0.11.2_vs2017_release\of_v0.11.2_vs2017_release\libs\openframeworks\math\ofmatrix4x4.h(914): warning C4267: 'argument': conversion from 'size_t' to 'int', possible loss of data (compiling source file src\Render.cpp)
c:\users\joshm\desktop\year 3\semester 1\zopenframeworks stuff\of_v0.11.2_vs2017_release\of_v0.11.2_vs2017_release\libs\openframeworks\math\ofmatrix4x4.h(331): warning C4267: 'argument': conversion from 'size_t' to 'int', possible loss of data (compiling source file src\Shop.cpp)
c:\users\joshm\desktop\year 3\semester 1\zopenframeworks stuff\of_v0.11.2_vs2017_release\of_v0.11.2_vs2017_release\libs\openframeworks\math\ofmatrix4x4.h(915): warning C4267: 'argument': conversion from 'size_t' to 'int', possible loss of data (compiling source file src\Render.cpp)
c:\users\joshm\desktop\year 3\semester 1\zopenframeworks stuff\of_v0.11.2_vs2017_release\of_v0.11.2_vs2017_release\libs\openframeworks\math\ofmatrix4x4.h(912): warning C4267: 'argument': conversion from 'size_t' to 'int', possible loss of data (compiling source file src\Shop.cpp)
c:\users\joshm\desktop\year 3\semester 1\zopenframeworks stuff\of_v0.11.2_vs2017_release\of_v0.11.2_vs2017_release\libs\openframeworks\math\ofmatrix4x4.h(913): warning C4267: 'argument': conversion from 'size_t' to 'int', possible loss of data (compiling source file src\Shop.cpp)
c:\users\joshm\desktop\year 3\semester 1\zopenframeworks stuff\of_v0.11.2_vs2017_release\of_v0.11.2_vs2017_release\libs\openframeworks\math\ofmatrix4x4.h(914): warning C4267: 'argument': conversion from 'size_t' to 'int', possible loss of data (compiling source file src\Shop.cpp)
c:\users\joshm\desktop\year 3\semester 1\zopenframeworks stuff\of_v0.11.2_vs2017_release\of_v0.11.2_vs2017_release\libs\openframeworks\math\ofmatrix4x4.h(915): warning C4267: 'argument': conversion from 'size_t' to 'int', possible loss of data (compiling source file src\Shop.cpp)
c:\users\joshm\desktop\year 3\semester 1\zopenframeworks stuff\of_v0.11.2_vs2017_release\of_v0.11.2_vs2017_release\libs\openframeworks\math\ofmatrix4x4.h(326): warning C4267: 'argument': conversion from 'size_t' to 'int', possible loss of data (compiling source file src\TimeCycle.cpp)
c:\users\joshm\desktop\year 3\semester 1\zopenframeworks stuff\of_v0.11.2_vs2017_release\of_v0.11.2_vs2017_release\libs\openframeworks\math\ofmatrix4x4.h(331): warning C4267: 'argument': conversion from 'size_t' to 'int', possible loss of data (compiling source file src\TimeCycle.cpp)
c:\users\joshm\desktop\year 3\semester 1\zopenframeworks stuff\of_v0.11.2_vs2017_release\of_v0.11.2_vs2017_release\libs\openframeworks\math\ofmatrix4x4.h(912): warning C4267: 'argument': conversion from 'size_t' to 'int', possible loss of data (compiling source file src\TimeCycle.cpp)
c:\users\joshm\desktop\year 3\semester 1\zopenframeworks stuff\of_v0.11.2_vs2017_release\of_v0.11.2_vs2017_release\libs\openframeworks\math\ofmatrix4x4.h(913): warning C4267: 'argument': conversion from 'size_t' to 'int', possible loss of data (compiling source file src\TimeCycle.cpp)
c:\users\joshm\desktop\year 3\semester 1\zopenframeworks stuff\of_v0.11.2_vs2017_release\of_v0.11.2_vs2017_release\libs\openframeworks\math\ofmatrix4x4.h(914): warning C4267: 'argument': conversion from 'size_t' to 'int', possible loss of data (compiling source file src\TimeCycle.cpp)
c:\users\joshm\desktop\year 3\semester 1\zopenframeworks stuff\of_v0.11.2_vs2017_release\of_v0.11.2_vs2017_release\libs\openframeworks\math\ofmatrix4x4.h(915): warning C4267: 'argument': conversion from 'size_t' to 'int', possible loss of data (compiling source file src\TimeCycle.cpp)
c:\users\joshm\desktop\year 3\semester 1\zopenframeworks stuff\of_v0.11.2_vs2017_release\of_v0.11.2_vs2017_release\libs\openframeworks\math\ofmatrix4x4.h(326): warning C4267: 'argument': conversion from 'size_t' to 'int', possible loss of data (compiling source file src\Physics.cpp)
c:\users\joshm\desktop\year 3\semester 1\zopenframeworks stuff\of_v0.11.2_vs2017_release\of_v0.11.2_vs2017_release\libs\openframeworks\math\ofmatrix4x4.h(331): warning C4267: 'argument': conversion from 'size_t' to 'int', possible loss of data (compiling source file src\Physics.cpp)
c:\users\joshm\desktop\year 3\semester 1\zopenframeworks stuff\of_v0.11.2_vs2017_release\of_v0.11.2_vs2017_release\libs\openframeworks\math\ofmatrix4x4.h(912): warning C4267: 'argument': conversion from 'size_t' to 'int', possible loss of data (compiling source file src\Physics.cpp)
c:\users\joshm\desktop\year 3\semester 1\zopenframeworks stuff\of_v0.11.2_vs2017_release\of_v0.11.2_vs2017_release\libs\openframeworks\math\ofmatrix4x4.h(913): warning C4267: 'argument': conversion from 'size_t' to 'int', possible loss of data (compiling source file src\Physics.cpp)
c:\users\joshm\desktop\year 3\semester 1\zopenframeworks stuff\of_v0.11.2_vs2017_release\of_v0.11.2_vs2017_release\libs\openframeworks\math\ofmatrix4x4.h(914): warning C4267: 'argument': conversion from 'size_t' to 'int', possible loss of data (compiling source file src\Physics.cpp)
c:\users\joshm\desktop\year 3\semester 1\zopenframeworks stuff\of_v0.11.2_vs2017_release\of_v0.11.2_vs2017_release\libs\openframeworks\math\ofmatrix4x4.h(915): warning C4267: 'argument': conversion from 'size_t' to 'int', possible loss of data (compiling source file src\Physics.cpp)
c:\users\joshm\desktop\year 3\semester 1\zopenframeworks stuff\of_v0.11.2_vs2017_release\of_v0.11.2_vs2017_release\libs\openframeworks\math\ofmatrix4x4.h(326): warning C4267: 'argument': conversion from 'size_t' to 'int', possible loss of data (compiling source file src\Scene.cpp)
c:\users\joshm\desktop\year 3\semester 1\zopenframeworks stuff\of_v0.11.2_vs2017_release\of_v0.11.2_vs2017_release\libs\openframeworks\math\ofmatrix4x4.h(331): warning C4267: 'argument': conversion from 'size_t' to 'int', possible loss of data (compiling source file src\Scene.cpp)
c:\users\joshm\desktop\year 3\semester 1\zopenframeworks stuff\of_v0.11.2_vs2017_release\of_v0.11.2_vs2017_release\libs\openframeworks\math\ofmatrix4x4.h(912): warning C4267: 'argument': conversion from 'size_t' to 'int', possible loss of data (compiling source file src\Scene.cpp)
c:\users\joshm\desktop\year 3\semester 1\zopenframeworks stuff\of_v0.11.2_vs2017_release\of_v0.11.2_vs2017_release\libs\openframeworks\math\ofmatrix4x4.h(913): warning C4267: 'argument': conversion from 'size_t' to 'int', possible loss of data (compiling source file src\Scene.cpp)
c:\users\joshm\desktop\year 3\semester 1\zopenframeworks stuff\of_v0.11.2_vs2017_release\of_v0.11.2_vs2017_release\libs\openframeworks\math\ofmatrix4x4.h(914): warning C4267: 'argument': conversion from 'size_t' to 'int', possible loss of data (compiling source file src\Scene.cpp)
c:\users\joshm\desktop\year 3\semester 1\zopenframeworks stuff\of_v0.11.2_vs2017_release\of_v0.11.2_vs2017_release\libs\openframeworks\math\ofmatrix4x4.h(915): warning C4267: 'argument': conversion from 'size_t' to 'int', possible loss of data (compiling source file src\Scene.cpp)
c:\users\joshm\desktop\year 3\semester 1\software design\final project\softwaredesign\softwarefinalproject\src\cropsmanager.cpp(12): error C2143: syntax error: missing ';' before ')'
c:\users\joshm\desktop\year 3\semester 1\software design\final project\softwaredesign\softwarefinalproject\src\cropsmanager.cpp(13): error C2059: syntax error: '}'
c:\users\joshm\desktop\year 3\semester 1\software design\final project\softwaredesign\softwarefinalproject\src\growthstate.cpp(12): error C3867: 'GrowthState::GetCanBeHarvested': non-standard syntax; use '&' to create a pointer to member
c:\users\joshm\desktop\year 3\semester 1\software design\final project\softwaredesign\softwarefinalproject\src\timecycle.cpp(71): error C2352: 'CropsManager::AddHour': illegal call of non-static member function
  c:\users\joshm\desktop\year 3\semester 1\software design\final project\softwaredesign\softwarefinalproject\src\cropsmanager.h(10): note: see declaration of 'CropsManager::AddHour'
